# Logfile created on 2014-01-21 17:36:28 -0800 by logger.rb/44203
I, [2014-01-21T17:36:28.469187 #51399]  INFO -- : 0:  rake (10.1.1) from /Users/dbaynes/.rvm/gems/ruby-2.1.0/specifications/rake-10.1.1.gemspec
I, [2014-01-21T17:36:28.470388 #51399]  INFO -- : 0:  i18n (0.6.9) from /Users/dbaynes/.rvm/gems/ruby-2.1.0@global/specifications/i18n-0.6.9.gemspec
I, [2014-01-21T17:36:28.470629 #51399]  INFO -- : 0:  minitest (4.7.5) from /Users/dbaynes/.rvm/rubies/ruby-2.1.0/lib/ruby/gems/2.1.0/specifications/default/minitest-4.7.5.gemspec
I, [2014-01-21T17:36:28.470846 #51399]  INFO -- : 0:  multi_json (1.8.4) from /Users/dbaynes/.rvm/gems/ruby-2.1.0/specifications/multi_json-1.8.4.gemspec
I, [2014-01-21T17:36:28.471053 #51399]  INFO -- : 0:  atomic (1.1.14) from /Users/dbaynes/.rvm/gems/ruby-2.1.0@global/specifications/atomic-1.1.14.gemspec
I, [2014-01-21T17:36:28.471260 #51399]  INFO -- : 0:  thread_safe (0.1.3) from /Users/dbaynes/.rvm/gems/ruby-2.1.0@global/specifications/thread_safe-0.1.3.gemspec
I, [2014-01-21T17:36:28.471469 #51399]  INFO -- : 0:  tzinfo (0.3.38) from /Users/dbaynes/.rvm/gems/ruby-2.1.0@global/specifications/tzinfo-0.3.38.gemspec
I, [2014-01-21T17:36:28.471680 #51399]  INFO -- : 0:  activesupport (4.0.2) from /Users/dbaynes/.rvm/gems/ruby-2.1.0@global/specifications/activesupport-4.0.2.gemspec
I, [2014-01-21T17:36:28.471880 #51399]  INFO -- : 0:  builder (3.1.4) from /Users/dbaynes/.rvm/gems/ruby-2.1.0@global/specifications/builder-3.1.4.gemspec
I, [2014-01-21T17:36:28.472082 #51399]  INFO -- : 0:  erubis (2.7.0) from /Users/dbaynes/.rvm/gems/ruby-2.1.0@global/specifications/erubis-2.7.0.gemspec
I, [2014-01-21T17:36:28.472287 #51399]  INFO -- : 0:  rack (1.5.2) from /Users/dbaynes/.rvm/gems/ruby-2.1.0@global/specifications/rack-1.5.2.gemspec
I, [2014-01-21T17:36:28.472488 #51399]  INFO -- : 0:  rack-test (0.6.2) from /Users/dbaynes/.rvm/gems/ruby-2.1.0@global/specifications/rack-test-0.6.2.gemspec
I, [2014-01-21T17:36:28.472699 #51399]  INFO -- : 0:  actionpack (4.0.2) from /Users/dbaynes/.rvm/gems/ruby-2.1.0@global/specifications/actionpack-4.0.2.gemspec
I, [2014-01-21T17:36:28.472909 #51399]  INFO -- : 0:  mime-types (1.25.1) from /Users/dbaynes/.rvm/gems/ruby-2.1.0@global/specifications/mime-types-1.25.1.gemspec
I, [2014-01-21T17:36:28.473109 #51399]  INFO -- : 0:  polyglot (0.3.3) from /Users/dbaynes/.rvm/gems/ruby-2.1.0@global/specifications/polyglot-0.3.3.gemspec
I, [2014-01-21T17:36:28.473311 #51399]  INFO -- : 0:  treetop (1.4.15) from /Users/dbaynes/.rvm/gems/ruby-2.1.0@global/specifications/treetop-1.4.15.gemspec
I, [2014-01-21T17:36:28.473513 #51399]  INFO -- : 0:  mail (2.5.4) from /Users/dbaynes/.rvm/gems/ruby-2.1.0@global/specifications/mail-2.5.4.gemspec
I, [2014-01-21T17:36:28.473723 #51399]  INFO -- : 0:  actionmailer (4.0.2) from /Users/dbaynes/.rvm/gems/ruby-2.1.0@global/specifications/actionmailer-4.0.2.gemspec
I, [2014-01-21T17:36:28.473940 #51399]  INFO -- : 0:  activemodel (4.0.2) from /Users/dbaynes/.rvm/gems/ruby-2.1.0@global/specifications/activemodel-4.0.2.gemspec
I, [2014-01-21T17:36:28.474144 #51399]  INFO -- : 0:  activerecord-deprecated_finders (1.0.3) from /Users/dbaynes/.rvm/gems/ruby-2.1.0@global/specifications/activerecord-deprecated_finders-1.0.3.gemspec
I, [2014-01-21T17:36:28.474386 #51399]  INFO -- : 0:  arel (4.0.1) from /Users/dbaynes/.rvm/gems/ruby-2.1.0@global/specifications/arel-4.0.1.gemspec
I, [2014-01-21T17:36:28.474627 #51399]  INFO -- : 0:  activerecord (4.0.2) from /Users/dbaynes/.rvm/gems/ruby-2.1.0@global/specifications/activerecord-4.0.2.gemspec
I, [2014-01-21T17:36:28.474844 #51399]  INFO -- : 0:  bundler (1.5.1) from /Users/dbaynes/.rvm/gems/ruby-2.1.0@global/specifications/bundler-1.5.1.gemspec
I, [2014-01-21T17:36:28.475060 #51399]  INFO -- : 0:  coffee-script-source (1.6.3) from /Users/dbaynes/.rvm/gems/ruby-2.1.0/specifications/coffee-script-source-1.6.3.gemspec
I, [2014-01-21T17:36:28.475273 #51399]  INFO -- : 0:  execjs (2.0.2) from /Users/dbaynes/.rvm/gems/ruby-2.1.0/specifications/execjs-2.0.2.gemspec
I, [2014-01-21T17:36:28.475490 #51399]  INFO -- : 0:  coffee-script (2.2.0) from /Users/dbaynes/.rvm/gems/ruby-2.1.0/specifications/coffee-script-2.2.0.gemspec
I, [2014-01-21T17:36:28.475709 #51399]  INFO -- : 0:  thor (0.18.1) from /Users/dbaynes/.rvm/gems/ruby-2.1.0@global/specifications/thor-0.18.1.gemspec
I, [2014-01-21T17:36:28.475940 #51399]  INFO -- : 0:  railties (4.0.2) from /Users/dbaynes/.rvm/gems/ruby-2.1.0@global/specifications/railties-4.0.2.gemspec
I, [2014-01-21T17:36:28.476166 #51399]  INFO -- : 0:  coffee-rails (4.0.1) from /Users/dbaynes/.rvm/gems/ruby-2.1.0/specifications/coffee-rails-4.0.1.gemspec
I, [2014-01-21T17:36:28.476395 #51399]  INFO -- : 0:  hike (1.2.3) from /Users/dbaynes/.rvm/gems/ruby-2.1.0@global/specifications/hike-1.2.3.gemspec
I, [2014-01-21T17:36:28.476612 #51399]  INFO -- : 0:  jbuilder (1.5.3) from /Users/dbaynes/.rvm/gems/ruby-2.1.0/specifications/jbuilder-1.5.3.gemspec
I, [2014-01-21T17:36:28.476835 #51399]  INFO -- : 0:  jquery-rails (3.0.4) from /Users/dbaynes/.rvm/gems/ruby-2.1.0/specifications/jquery-rails-3.0.4.gemspec
I, [2014-01-21T17:36:28.477051 #51399]  INFO -- : 0:  json (1.8.1) from /Users/dbaynes/.rvm/rubies/ruby-2.1.0/lib/ruby/gems/2.1.0/specifications/default/json-1.8.1.gemspec
I, [2014-01-21T17:36:28.477268 #51399]  INFO -- : 0:  tilt (1.4.1) from /Users/dbaynes/.rvm/gems/ruby-2.1.0@global/specifications/tilt-1.4.1.gemspec
I, [2014-01-21T17:36:28.477504 #51399]  INFO -- : 0:  sprockets (2.10.1) from /Users/dbaynes/.rvm/gems/ruby-2.1.0@global/specifications/sprockets-2.10.1.gemspec
I, [2014-01-21T17:36:28.477705 #51399]  INFO -- : 0:  sprockets-rails (2.0.1) from /Users/dbaynes/.rvm/gems/ruby-2.1.0@global/specifications/sprockets-rails-2.0.1.gemspec
I, [2014-01-21T17:36:28.477918 #51399]  INFO -- : 0:  rails (4.0.2) from /Users/dbaynes/.rvm/gems/ruby-2.1.0@global/specifications/rails-4.0.2.gemspec
I, [2014-01-21T17:36:28.478128 #51399]  INFO -- : 0:  rdoc (4.1.1) from /Users/dbaynes/.rvm/gems/ruby-2.1.0/specifications/rdoc-4.1.1.gemspec
I, [2014-01-21T17:36:28.478352 #51399]  INFO -- : 0:  sass (3.2.13) from /Users/dbaynes/.rvm/gems/ruby-2.1.0/specifications/sass-3.2.13.gemspec
I, [2014-01-21T17:36:28.478557 #51399]  INFO -- : 0:  sass-rails (4.0.1) from /Users/dbaynes/.rvm/gems/ruby-2.1.0/specifications/sass-rails-4.0.1.gemspec
I, [2014-01-21T17:36:28.478760 #51399]  INFO -- : 0:  sdoc (0.4.0) from /Users/dbaynes/.rvm/gems/ruby-2.1.0/specifications/sdoc-0.4.0.gemspec
I, [2014-01-21T17:36:28.478974 #51399]  INFO -- : 0:  sqlite3 (1.3.8) from /Users/dbaynes/.rvm/gems/ruby-2.1.0/specifications/sqlite3-1.3.8.gemspec
I, [2014-01-21T17:36:28.479288 #51399]  INFO -- : 0:  turbolinks (2.2.0) from /Users/dbaynes/.rvm/gems/ruby-2.1.0/specifications/turbolinks-2.2.0.gemspec
I, [2014-01-21T17:36:28.479573 #51399]  INFO -- : 0:  uglifier (2.4.0) from /Users/dbaynes/.rvm/gems/ruby-2.1.0/specifications/uglifier-2.4.0.gemspec
I, [2014-01-21T19:02:18.577732 #51953]  INFO -- : 0:  rake (10.1.1) from /Users/dbaynes/.rvm/gems/ruby-1.8.7-p374/specifications/rake-10.1.1.gemspec
I, [2014-01-21T19:02:18.580820 #51953]  INFO -- : 0:  i18n (0.6.9) from /Users/dbaynes/.rvm/gems/ruby-1.8.7-p374/specifications/i18n-0.6.9.gemspec
I, [2014-01-21T19:02:18.581285 #51953]  INFO -- : 0:  minitest (4.7.5) from /Users/dbaynes/.rvm/gems/ruby-1.8.7-p374/specifications/minitest-4.7.5.gemspec
I, [2014-01-21T19:02:29.149600 #51953]  INFO -- : 0:  multi_json (1.8.4) from /Users/dbaynes/.rvm/gems/ruby-1.8.7-p374/specifications/multi_json-1.8.4.gemspec
I, [2014-01-21T19:02:29.155354 #51953]  INFO -- : 0:  atomic (1.1.14) from /Users/dbaynes/.rvm/gems/ruby-1.8.7-p374/specifications/atomic-1.1.14.gemspec
I, [2014-01-21T19:02:29.156523 #51953]  INFO -- : 0:  thread_safe (0.1.3) from /Users/dbaynes/.rvm/gems/ruby-1.8.7-p374/specifications/thread_safe-0.1.3.gemspec
I, [2014-01-21T19:02:29.157763 #51953]  INFO -- : 0:  tzinfo (0.3.38) from /Users/dbaynes/.rvm/gems/ruby-1.8.7-p374/specifications/tzinfo-0.3.38.gemspec
E, [2014-01-21T19:02:31.217352 #51953] ERROR -- : Gem::InstallError: activesupport requires Ruby version >= 1.9.3.
/Users/dbaynes/.rvm/rubies/ruby-1.8.7-p374/lib/ruby/site_ruby/1.8/rubygems/installer.rb:518:in `ensure_required_ruby_version_met'  \n/Users/dbaynes/.rvm/rubies/ruby-1.8.7-p374/lib/ruby/site_ruby/1.8/rubygems/installer.rb:774:in `pre_install_checks'  \n/Users/dbaynes/.rvm/rubies/ruby-1.8.7-p374/lib/ruby/site_ruby/1.8/rubygems/installer.rb:216:in `install'  \n/Users/dbaynes/.rvm/gems/ruby-1.8.7-p374/gems/bundler-1.5.1/lib/bundler/source/rubygems.rb:95:in `install'  \n/Users/dbaynes/.rvm/gems/ruby-1.8.7-p374/gems/bundler-1.5.1/lib/bundler/rubygems_integration.rb:118:in `preserve_paths'  \n/Users/dbaynes/.rvm/gems/ruby-1.8.7-p374/gems/bundler-1.5.1/lib/bundler/source/rubygems.rb:94:in `install'  \n/Users/dbaynes/.rvm/gems/ruby-1.8.7-p374/gems/bundler-1.5.1/lib/bundler/installer.rb:111:in `install_gem_from_spec'  \n/Users/dbaynes/.rvm/gems/ruby-1.8.7-p374/gems/bundler-1.5.1/lib/bundler/rubygems_integration.rb:150:in `with_build_args'  \n/Users/dbaynes/.rvm/gems/ruby-1.8.7-p374/gems/bundler-1.5.1/lib/bundler/installer.rb:110:in `install_gem_from_spec'  \n/Users/dbaynes/.rvm/gems/ruby-1.8.7-p374/gems/bundler-1.5.1/lib/bundler/installer.rb:295:in `install_sequentially'  \n(__FORWARDABLE__):3:in `each'  \n(__FORWARDABLE__):3:in `__send__'  \n(__FORWARDABLE__):3:in `each'  \n/Users/dbaynes/.rvm/gems/ruby-1.8.7-p374/gems/bundler-1.5.1/lib/bundler/installer.rb:294:in `install_sequentially'  \n/Users/dbaynes/.rvm/gems/ruby-1.8.7-p374/gems/bundler-1.5.1/lib/bundler/installer.rb:97:in `run'  \n/Users/dbaynes/.rvm/gems/ruby-1.8.7-p374/gems/bundler-1.5.1/lib/bundler/installer.rb:15:in `install'  \n/Users/dbaynes/.rvm/gems/ruby-1.8.7-p374/gems/bundler-1.5.1/lib/bundler/cli.rb:257:in `install'  \n/Users/dbaynes/.rvm/gems/ruby-1.8.7-p374/gems/bundler-1.5.1/lib/bundler/vendor/thor/command.rb:27:in `__send__'  \n/Users/dbaynes/.rvm/gems/ruby-1.8.7-p374/gems/bundler-1.5.1/lib/bundler/vendor/thor/command.rb:27:in `run'  \n/Users/dbaynes/.rvm/gems/ruby-1.8.7-p374/gems/bundler-1.5.1/lib/bundler/vendor/thor/invocation.rb:120:in `invoke_command'  \n/Users/dbaynes/.rvm/gems/ruby-1.8.7-p374/gems/bundler-1.5.1/lib/bundler/vendor/thor.rb:363:in `dispatch'  \n/Users/dbaynes/.rvm/gems/ruby-1.8.7-p374/gems/bundler-1.5.1/lib/bundler/vendor/thor/base.rb:438:in `start'  \n/Users/dbaynes/.rvm/gems/ruby-1.8.7-p374/gems/bundler-1.5.1/lib/bundler/cli.rb:10:in `start'  \n/Users/dbaynes/.rvm/gems/ruby-1.8.7-p374/gems/bundler-1.5.1/bin/bundle:22  \n/Users/dbaynes/.rvm/gems/ruby-1.8.7-p374/gems/bundler-1.5.1/lib/bundler/friendly_errors.rb:5:in `with_friendly_errors'  \n/Users/dbaynes/.rvm/gems/ruby-1.8.7-p374/gems/bundler-1.5.1/bin/bundle:22  \n/Users/dbaynes/.rvm/gems/ruby-1.8.7-p374/bin/bundle:23:in `load'  \n/Users/dbaynes/.rvm/gems/ruby-1.8.7-p374/bin/bundle:23  \n/Users/dbaynes/.rvm/gems/ruby-1.8.7-p374/bin/ruby_executable_hooks:15
I, [2014-01-21T19:03:28.063199 #52108]  INFO -- : 0:  rake (10.1.1) from /Users/dbaynes/.rvm/gems/ruby-2.0.0-p353/specifications/rake-10.1.1.gemspec
I, [2014-01-21T19:03:28.283266 #52108]  INFO -- : 0:  i18n (0.6.9) from /Users/dbaynes/.rvm/gems/ruby-2.0.0-p353/specifications/i18n-0.6.9.gemspec
I, [2014-01-21T19:03:28.961337 #52108]  INFO -- : 0:  minitest (4.7.5) from /Users/dbaynes/.rvm/gems/ruby-2.0.0-p353/specifications/minitest-4.7.5.gemspec
I, [2014-01-21T19:03:29.159549 #52108]  INFO -- : 0:  multi_json (1.8.4) from /Users/dbaynes/.rvm/gems/ruby-2.0.0-p353/specifications/multi_json-1.8.4.gemspec
I, [2014-01-21T19:03:30.319382 #52108]  INFO -- : 0:  atomic (1.1.14) from /Users/dbaynes/.rvm/gems/ruby-2.0.0-p353/specifications/atomic-1.1.14.gemspec
I, [2014-01-21T19:03:31.085145 #52108]  INFO -- : 0:  thread_safe (0.1.3) from /Users/dbaynes/.rvm/gems/ruby-2.0.0-p353/specifications/thread_safe-0.1.3.gemspec
I, [2014-01-21T19:03:32.013937 #52108]  INFO -- : 0:  tzinfo (0.3.38) from /Users/dbaynes/.rvm/gems/ruby-2.0.0-p353/specifications/tzinfo-0.3.38.gemspec
I, [2014-01-21T19:03:32.973922 #52108]  INFO -- : 0:  activesupport (4.0.2) from /Users/dbaynes/.rvm/gems/ruby-2.0.0-p353/specifications/activesupport-4.0.2.gemspec
I, [2014-01-21T19:03:33.529005 #52108]  INFO -- : 0:  builder (3.1.4) from /Users/dbaynes/.rvm/gems/ruby-2.0.0-p353/specifications/builder-3.1.4.gemspec
I, [2014-01-21T19:03:34.552843 #52108]  INFO -- : 0:  erubis (2.7.0) from /Users/dbaynes/.rvm/gems/ruby-2.0.0-p353/specifications/erubis-2.7.0.gemspec
I, [2014-01-21T19:03:34.553421 #52108]  INFO -- : 0:  rack (1.5.2) from /Users/dbaynes/.rvm/gems/ruby-2.0.0-p353/specifications/rack-1.5.2.gemspec
I, [2014-01-21T19:03:34.553761 #52108]  INFO -- : 0:  rack-test (0.6.2) from /Users/dbaynes/.rvm/gems/ruby-2.0.0-p353/specifications/rack-test-0.6.2.gemspec
I, [2014-01-21T19:03:34.939106 #52108]  INFO -- : 0:  actionpack (4.0.2) from /Users/dbaynes/.rvm/gems/ruby-2.0.0-p353/specifications/actionpack-4.0.2.gemspec
I, [2014-01-21T19:03:35.165974 #52108]  INFO -- : 0:  mime-types (1.25.1) from /Users/dbaynes/.rvm/gems/ruby-2.0.0-p353/specifications/mime-types-1.25.1.gemspec
I, [2014-01-21T19:03:35.654359 #52108]  INFO -- : 0:  polyglot (0.3.3) from /Users/dbaynes/.rvm/gems/ruby-2.0.0-p353/specifications/polyglot-0.3.3.gemspec
I, [2014-01-21T19:03:35.901908 #52108]  INFO -- : 0:  treetop (1.4.15) from /Users/dbaynes/.rvm/gems/ruby-2.0.0-p353/specifications/treetop-1.4.15.gemspec
I, [2014-01-21T19:03:36.248173 #52108]  INFO -- : 0:  mail (2.5.4) from /Users/dbaynes/.rvm/gems/ruby-2.0.0-p353/specifications/mail-2.5.4.gemspec
I, [2014-01-21T19:03:36.471998 #52108]  INFO -- : 0:  actionmailer (4.0.2) from /Users/dbaynes/.rvm/gems/ruby-2.0.0-p353/specifications/actionmailer-4.0.2.gemspec
I, [2014-01-21T19:03:36.708450 #52108]  INFO -- : 0:  activemodel (4.0.2) from /Users/dbaynes/.rvm/gems/ruby-2.0.0-p353/specifications/activemodel-4.0.2.gemspec
I, [2014-01-21T19:03:36.898532 #52108]  INFO -- : 0:  activerecord-deprecated_finders (1.0.3) from /Users/dbaynes/.rvm/gems/ruby-2.0.0-p353/specifications/activerecord-deprecated_finders-1.0.3.gemspec
I, [2014-01-21T19:03:37.148578 #52108]  INFO -- : 0:  arel (4.0.1) from /Users/dbaynes/.rvm/gems/ruby-2.0.0-p353/specifications/arel-4.0.1.gemspec
I, [2014-01-21T19:03:37.491885 #52108]  INFO -- : 0:  activerecord (4.0.2) from /Users/dbaynes/.rvm/gems/ruby-2.0.0-p353/specifications/activerecord-4.0.2.gemspec
I, [2014-01-21T19:03:37.492191 #52108]  INFO -- : 0:  bundler (1.5.1) from /Users/dbaynes/.rvm/gems/ruby-2.0.0-p353@global/specifications/bundler-1.5.1.gemspec
I, [2014-01-21T19:03:38.164736 #52108]  INFO -- : 0:  coffee-script-source (1.6.3) from /Users/dbaynes/.rvm/gems/ruby-2.0.0-p353/specifications/coffee-script-source-1.6.3.gemspec
I, [2014-01-21T19:03:38.343126 #52108]  INFO -- : 0:  execjs (2.0.2) from /Users/dbaynes/.rvm/gems/ruby-2.0.0-p353/specifications/execjs-2.0.2.gemspec
I, [2014-01-21T19:03:38.733375 #52108]  INFO -- : 0:  coffee-script (2.2.0) from /Users/dbaynes/.rvm/gems/ruby-2.0.0-p353/specifications/coffee-script-2.2.0.gemspec
I, [2014-01-21T19:03:39.691124 #52108]  INFO -- : 0:  thor (0.18.1) from /Users/dbaynes/.rvm/gems/ruby-2.0.0-p353/specifications/thor-0.18.1.gemspec
I, [2014-01-21T19:03:40.057146 #52108]  INFO -- : 0:  railties (4.0.2) from /Users/dbaynes/.rvm/gems/ruby-2.0.0-p353/specifications/railties-4.0.2.gemspec
I, [2014-01-21T19:03:40.249397 #52108]  INFO -- : 0:  coffee-rails (4.0.1) from /Users/dbaynes/.rvm/gems/ruby-2.0.0-p353/specifications/coffee-rails-4.0.1.gemspec
I, [2014-01-21T19:03:40.447667 #52108]  INFO -- : 0:  hike (1.2.3) from /Users/dbaynes/.rvm/gems/ruby-2.0.0-p353/specifications/hike-1.2.3.gemspec
I, [2014-01-21T19:03:40.639960 #52108]  INFO -- : 0:  jbuilder (1.5.3) from /Users/dbaynes/.rvm/gems/ruby-2.0.0-p353/specifications/jbuilder-1.5.3.gemspec
I, [2014-01-21T19:03:41.663686 #52108]  INFO -- : 0:  jquery-rails (3.0.4) from /Users/dbaynes/.rvm/gems/ruby-2.0.0-p353/specifications/jquery-rails-3.0.4.gemspec
I, [2014-01-21T19:03:43.455356 #52108]  INFO -- : 0:  json (1.8.1) from /Users/dbaynes/.rvm/gems/ruby-2.0.0-p353/specifications/json-1.8.1.gemspec
I, [2014-01-21T19:03:43.663697 #52108]  INFO -- : 0:  tilt (1.4.1) from /Users/dbaynes/.rvm/gems/ruby-2.0.0-p353/specifications/tilt-1.4.1.gemspec
I, [2014-01-21T19:03:43.860499 #52108]  INFO -- : 0:  sprockets (2.10.1) from /Users/dbaynes/.rvm/gems/ruby-2.0.0-p353/specifications/sprockets-2.10.1.gemspec
I, [2014-01-21T19:03:44.086446 #52108]  INFO -- : 0:  sprockets-rails (2.0.1) from /Users/dbaynes/.rvm/gems/ruby-2.0.0-p353/specifications/sprockets-rails-2.0.1.gemspec
I, [2014-01-21T19:03:44.860535 #52108]  INFO -- : 0:  rails (4.0.2) from /Users/dbaynes/.rvm/gems/ruby-2.0.0-p353/specifications/rails-4.0.2.gemspec
I, [2014-01-21T19:03:45.047271 #52108]  INFO -- : 0:  minitest-rails (0.9.2) from /Users/dbaynes/.rvm/gems/ruby-2.0.0-p353/specifications/minitest-rails-0.9.2.gemspec
I, [2014-01-21T19:03:45.603155 #52108]  INFO -- : 0:  rdoc (4.1.1) from /Users/dbaynes/.rvm/gems/ruby-2.0.0-p353/specifications/rdoc-4.1.1.gemspec
I, [2014-01-21T19:03:45.935723 #52108]  INFO -- : 0:  sass (3.2.13) from /Users/dbaynes/.rvm/gems/ruby-2.0.0-p353/specifications/sass-3.2.13.gemspec
I, [2014-01-21T19:03:46.222994 #52108]  INFO -- : 0:  sass-rails (4.0.1) from /Users/dbaynes/.rvm/gems/ruby-2.0.0-p353/specifications/sass-rails-4.0.1.gemspec
I, [2014-01-21T19:03:47.189060 #52108]  INFO -- : 0:  sdoc (0.4.0) from /Users/dbaynes/.rvm/gems/ruby-2.0.0-p353/specifications/sdoc-0.4.0.gemspec
I, [2014-01-21T19:03:48.680653 #52108]  INFO -- : 0:  sqlite3 (1.3.8) from /Users/dbaynes/.rvm/gems/ruby-2.0.0-p353/specifications/sqlite3-1.3.8.gemspec
I, [2014-01-21T19:03:48.905757 #52108]  INFO -- : 0:  turbolinks (2.2.0) from /Users/dbaynes/.rvm/gems/ruby-2.0.0-p353/specifications/turbolinks-2.2.0.gemspec
I, [2014-01-21T19:03:49.583865 #52108]  INFO -- : 0:  uglifier (2.4.0) from /Users/dbaynes/.rvm/gems/ruby-2.0.0-p353/specifications/uglifier-2.4.0.gemspec
I, [2014-01-21T19:13:55.529954 #52503]  INFO -- : 0:  rake (10.1.1) from /Users/dbaynes/.rvm/gems/ruby-2.0.0-p353/specifications/rake-10.1.1.gemspec
I, [2014-01-21T19:13:55.530303 #52503]  INFO -- : 0:  i18n (0.6.9) from /Users/dbaynes/.rvm/gems/ruby-2.0.0-p353/specifications/i18n-0.6.9.gemspec
I, [2014-01-21T19:13:55.530540 #52503]  INFO -- : 0:  minitest (4.7.5) from /Users/dbaynes/.rvm/gems/ruby-2.0.0-p353/specifications/minitest-4.7.5.gemspec
I, [2014-01-21T19:13:55.530785 #52503]  INFO -- : 0:  multi_json (1.8.4) from /Users/dbaynes/.rvm/gems/ruby-2.0.0-p353/specifications/multi_json-1.8.4.gemspec
I, [2014-01-21T19:13:55.531008 #52503]  INFO -- : 0:  atomic (1.1.14) from /Users/dbaynes/.rvm/gems/ruby-2.0.0-p353/specifications/atomic-1.1.14.gemspec
I, [2014-01-21T19:13:55.531216 #52503]  INFO -- : 0:  thread_safe (0.1.3) from /Users/dbaynes/.rvm/gems/ruby-2.0.0-p353/specifications/thread_safe-0.1.3.gemspec
I, [2014-01-21T19:13:55.531448 #52503]  INFO -- : 0:  tzinfo (0.3.38) from /Users/dbaynes/.rvm/gems/ruby-2.0.0-p353/specifications/tzinfo-0.3.38.gemspec
I, [2014-01-21T19:13:55.531667 #52503]  INFO -- : 0:  activesupport (4.0.2) from /Users/dbaynes/.rvm/gems/ruby-2.0.0-p353/specifications/activesupport-4.0.2.gemspec
I, [2014-01-21T19:13:55.531884 #52503]  INFO -- : 0:  builder (3.1.4) from /Users/dbaynes/.rvm/gems/ruby-2.0.0-p353/specifications/builder-3.1.4.gemspec
I, [2014-01-21T19:13:55.532103 #52503]  INFO -- : 0:  erubis (2.7.0) from /Users/dbaynes/.rvm/gems/ruby-2.0.0-p353/specifications/erubis-2.7.0.gemspec
I, [2014-01-21T19:13:55.532323 #52503]  INFO -- : 0:  rack (1.5.2) from /Users/dbaynes/.rvm/gems/ruby-2.0.0-p353/specifications/rack-1.5.2.gemspec
I, [2014-01-21T19:13:55.532540 #52503]  INFO -- : 0:  rack-test (0.6.2) from /Users/dbaynes/.rvm/gems/ruby-2.0.0-p353/specifications/rack-test-0.6.2.gemspec
I, [2014-01-21T19:13:55.532758 #52503]  INFO -- : 0:  actionpack (4.0.2) from /Users/dbaynes/.rvm/gems/ruby-2.0.0-p353/specifications/actionpack-4.0.2.gemspec
I, [2014-01-21T19:13:55.532987 #52503]  INFO -- : 0:  mime-types (1.25.1) from /Users/dbaynes/.rvm/gems/ruby-2.0.0-p353/specifications/mime-types-1.25.1.gemspec
I, [2014-01-21T19:13:55.533224 #52503]  INFO -- : 0:  polyglot (0.3.3) from /Users/dbaynes/.rvm/gems/ruby-2.0.0-p353/specifications/polyglot-0.3.3.gemspec
I, [2014-01-21T19:13:55.533455 #52503]  INFO -- : 0:  treetop (1.4.15) from /Users/dbaynes/.rvm/gems/ruby-2.0.0-p353/specifications/treetop-1.4.15.gemspec
I, [2014-01-21T19:13:55.533699 #52503]  INFO -- : 0:  mail (2.5.4) from /Users/dbaynes/.rvm/gems/ruby-2.0.0-p353/specifications/mail-2.5.4.gemspec
I, [2014-01-21T19:13:55.533926 #52503]  INFO -- : 0:  actionmailer (4.0.2) from /Users/dbaynes/.rvm/gems/ruby-2.0.0-p353/specifications/actionmailer-4.0.2.gemspec
I, [2014-01-21T19:13:55.534144 #52503]  INFO -- : 0:  activemodel (4.0.2) from /Users/dbaynes/.rvm/gems/ruby-2.0.0-p353/specifications/activemodel-4.0.2.gemspec
I, [2014-01-21T19:13:55.534366 #52503]  INFO -- : 0:  activerecord-deprecated_finders (1.0.3) from /Users/dbaynes/.rvm/gems/ruby-2.0.0-p353/specifications/activerecord-deprecated_finders-1.0.3.gemspec
I, [2014-01-21T19:13:55.534591 #52503]  INFO -- : 0:  arel (4.0.1) from /Users/dbaynes/.rvm/gems/ruby-2.0.0-p353/specifications/arel-4.0.1.gemspec
I, [2014-01-21T19:13:55.534806 #52503]  INFO -- : 0:  activerecord (4.0.2) from /Users/dbaynes/.rvm/gems/ruby-2.0.0-p353/specifications/activerecord-4.0.2.gemspec
I, [2014-01-21T19:13:55.535012 #52503]  INFO -- : 0:  bundler (1.5.1) from /Users/dbaynes/.rvm/gems/ruby-2.0.0-p353@global/specifications/bundler-1.5.1.gemspec
I, [2014-01-21T19:13:56.094681 #52503]  INFO -- : 0:  mini_portile (0.5.2) from /Users/dbaynes/.rvm/gems/ruby-2.0.0-p353/specifications/mini_portile-0.5.2.gemspec
I, [2014-01-21T19:15:03.275887 #52503]  INFO -- : 0:  nokogiri (1.6.1) from /Users/dbaynes/.rvm/gems/ruby-2.0.0-p353/specifications/nokogiri-1.6.1.gemspec
I, [2014-01-21T19:15:03.276481 #52503]  INFO -- : 0:  xpath (2.0.0) from /Users/dbaynes/.rvm/gems/ruby-2.0.0-p353/specifications/xpath-2.0.0.gemspec
I, [2014-01-21T19:15:03.276780 #52503]  INFO -- : 0:  capybara (2.1.0) from /Users/dbaynes/.rvm/gems/ruby-2.0.0-p353/specifications/capybara-2.1.0.gemspec
I, [2014-01-21T19:15:03.277088 #52503]  INFO -- : 0:  coffee-script-source (1.6.3) from /Users/dbaynes/.rvm/gems/ruby-2.0.0-p353/specifications/coffee-script-source-1.6.3.gemspec
I, [2014-01-21T19:15:03.277364 #52503]  INFO -- : 0:  execjs (2.0.2) from /Users/dbaynes/.rvm/gems/ruby-2.0.0-p353/specifications/execjs-2.0.2.gemspec
I, [2014-01-21T19:15:03.277640 #52503]  INFO -- : 0:  coffee-script (2.2.0) from /Users/dbaynes/.rvm/gems/ruby-2.0.0-p353/specifications/coffee-script-2.2.0.gemspec
I, [2014-01-21T19:15:03.277900 #52503]  INFO -- : 0:  thor (0.18.1) from /Users/dbaynes/.rvm/gems/ruby-2.0.0-p353/specifications/thor-0.18.1.gemspec
I, [2014-01-21T19:15:03.278161 #52503]  INFO -- : 0:  railties (4.0.2) from /Users/dbaynes/.rvm/gems/ruby-2.0.0-p353/specifications/railties-4.0.2.gemspec
I, [2014-01-21T19:15:03.278411 #52503]  INFO -- : 0:  coffee-rails (4.0.1) from /Users/dbaynes/.rvm/gems/ruby-2.0.0-p353/specifications/coffee-rails-4.0.1.gemspec
I, [2014-01-21T19:15:03.278679 #52503]  INFO -- : 0:  hike (1.2.3) from /Users/dbaynes/.rvm/gems/ruby-2.0.0-p353/specifications/hike-1.2.3.gemspec
I, [2014-01-21T19:15:03.278963 #52503]  INFO -- : 0:  jbuilder (1.5.3) from /Users/dbaynes/.rvm/gems/ruby-2.0.0-p353/specifications/jbuilder-1.5.3.gemspec
I, [2014-01-21T19:15:03.279205 #52503]  INFO -- : 0:  jquery-rails (3.0.4) from /Users/dbaynes/.rvm/gems/ruby-2.0.0-p353/specifications/jquery-rails-3.0.4.gemspec
I, [2014-01-21T19:15:03.279451 #52503]  INFO -- : 0:  json (1.8.1) from /Users/dbaynes/.rvm/gems/ruby-2.0.0-p353/specifications/json-1.8.1.gemspec
I, [2014-01-21T19:15:03.844909 #52503]  INFO -- : 0:  minitest-capybara (0.5.0) from /Users/dbaynes/.rvm/gems/ruby-2.0.0-p353/specifications/minitest-capybara-0.5.0.gemspec
I, [2014-01-21T19:15:04.318432 #52503]  INFO -- : 0:  minitest-metadata (0.4.0) from /Users/dbaynes/.rvm/gems/ruby-2.0.0-p353/specifications/minitest-metadata-0.4.0.gemspec
I, [2014-01-21T19:15:04.318912 #52503]  INFO -- : 0:  tilt (1.4.1) from /Users/dbaynes/.rvm/gems/ruby-2.0.0-p353/specifications/tilt-1.4.1.gemspec
I, [2014-01-21T19:15:04.319313 #52503]  INFO -- : 0:  sprockets (2.10.1) from /Users/dbaynes/.rvm/gems/ruby-2.0.0-p353/specifications/sprockets-2.10.1.gemspec
I, [2014-01-21T19:15:04.319701 #52503]  INFO -- : 0:  sprockets-rails (2.0.1) from /Users/dbaynes/.rvm/gems/ruby-2.0.0-p353/specifications/sprockets-rails-2.0.1.gemspec
I, [2014-01-21T19:15:04.320372 #52503]  INFO -- : 0:  rails (4.0.2) from /Users/dbaynes/.rvm/gems/ruby-2.0.0-p353/specifications/rails-4.0.2.gemspec
I, [2014-01-21T19:15:04.320794 #52503]  INFO -- : 0:  minitest-rails (0.9.2) from /Users/dbaynes/.rvm/gems/ruby-2.0.0-p353/specifications/minitest-rails-0.9.2.gemspec
I, [2014-01-21T19:15:04.898305 #52503]  INFO -- : 0:  minitest-rails-capybara (0.10.0) from /Users/dbaynes/.rvm/gems/ruby-2.0.0-p353/specifications/minitest-rails-capybara-0.10.0.gemspec
I, [2014-01-21T19:15:04.898627 #52503]  INFO -- : 0:  rdoc (4.1.1) from /Users/dbaynes/.rvm/gems/ruby-2.0.0-p353/specifications/rdoc-4.1.1.gemspec
I, [2014-01-21T19:15:04.898859 #52503]  INFO -- : 0:  sass (3.2.13) from /Users/dbaynes/.rvm/gems/ruby-2.0.0-p353/specifications/sass-3.2.13.gemspec
I, [2014-01-21T19:15:04.899081 #52503]  INFO -- : 0:  sass-rails (4.0.1) from /Users/dbaynes/.rvm/gems/ruby-2.0.0-p353/specifications/sass-rails-4.0.1.gemspec
I, [2014-01-21T19:15:04.899298 #52503]  INFO -- : 0:  sdoc (0.4.0) from /Users/dbaynes/.rvm/gems/ruby-2.0.0-p353/specifications/sdoc-0.4.0.gemspec
I, [2014-01-21T19:15:04.899516 #52503]  INFO -- : 0:  sqlite3 (1.3.8) from /Users/dbaynes/.rvm/gems/ruby-2.0.0-p353/specifications/sqlite3-1.3.8.gemspec
I, [2014-01-21T19:15:04.899734 #52503]  INFO -- : 0:  turbolinks (2.2.0) from /Users/dbaynes/.rvm/gems/ruby-2.0.0-p353/specifications/turbolinks-2.2.0.gemspec
I, [2014-01-21T19:15:04.899950 #52503]  INFO -- : 0:  uglifier (2.4.0) from /Users/dbaynes/.rvm/gems/ruby-2.0.0-p353/specifications/uglifier-2.4.0.gemspec
